<?xml version="1.0" encoding="UTF-8"?>
<!-- Generated by org.testng.reporters.JUnitReportReporter -->
<testsuite hostname="suvo" name="com.automation.testcases.Google_Ad_Search" tests="2" failures="0" timestamp="16 Jan 2021 08:37:13 GMT" time="76.865" errors="0">
  <testcase name="convert_To_Json" time="0.668" classname="com.automation.testcases.Google_Ad_Search"/>
  <testcase name="capture_Ad_Details" time="76.197" classname="com.automation.testcases.Google_Ad_Search"/>
</testsuite> <!-- com.automation.testcases.Google_Ad_Search -->
