<?xml version="1.0" encoding="UTF-8"?>
<!-- Generated by org.testng.reporters.JUnitReportReporter -->
<testsuite hostname="Shubhankar" name="com.automation.utilities.WebdrivermanagerDemo" tests="1" failures="0" timestamp="9 Dec 2018 19:23:26 GMT" time="10.037" errors="0">
  <testcase name="googleSearch1" time="10.037" classname="com.automation.utilities.WebdrivermanagerDemo"/>
</testsuite> <!-- com.automation.utilities.WebdrivermanagerDemo -->
